<?xml version="1.0" encoding="UTF-8"?>
<testng-results skipped="0" failed="0" ignored="0" total="1" passed="1">
  <reporter-output>
  </reporter-output>
  <suite name="Default suite" duration-ms="8604" started-at="2019-02-18T06:23:43Z" finished-at="2019-02-18T06:23:51Z">
    <groups>
    </groups>
    <test name="Default test" duration-ms="8604" started-at="2019-02-18T06:23:43Z" finished-at="2019-02-18T06:23:51Z">
      <class name="Example.NewTest">
        <test-method status="PASS" signature="beforeTest()[pri:0, instance:Example.NewTest@1a3869f4]" name="beforeTest" is-config="true" duration-ms="3333" started-at="2019-02-18T06:23:43Z" finished-at="2019-02-18T06:23:46Z">
          <reporter-output>
          </reporter-output>
        </test-method> <!-- beforeTest -->
        <test-method status="PASS" signature="testEasy()[pri:0, instance:Example.NewTest@1a3869f4]" name="testEasy" duration-ms="4042" started-at="2019-02-18T06:23:46Z" finished-at="2019-02-18T06:23:50Z">
          <reporter-output>
          </reporter-output>
        </test-method> <!-- testEasy -->
        <test-method status="PASS" signature="afterTest()[pri:0, instance:Example.NewTest@1a3869f4]" name="afterTest" is-config="true" duration-ms="1195" started-at="2019-02-18T06:23:50Z" finished-at="2019-02-18T06:23:51Z">
          <reporter-output>
          </reporter-output>
        </test-method> <!-- afterTest -->
      </class> <!-- Example.NewTest -->
    </test> <!-- Default test -->
  </suite> <!-- Default suite -->
</testng-results>
